<?xml version="1.0" encoding="UTF-8"?>
<testng-results ignored="0" total="4" passed="4" failed="0" skipped="0">
  <reporter-output>
  </reporter-output>
  <suite started-at="2022-01-21T23:52:13 GST" name="Default suite" finished-at="2022-01-21T23:52:33 GST" duration-ms="20279">
    <groups>
    </groups>
    <test started-at="2022-01-21T23:52:13 GST" name="Default test" finished-at="2022-01-21T23:52:33 GST" duration-ms="20279">
      <class name="practice.Test_GET">
        <test-method signature="test_1_1()[pri:0, instance:practice.Test_GET@73700b80]" started-at="2022-01-21T23:52:13 GST" name="test_1_1" finished-at="2022-01-21T23:52:15 GST" duration-ms="2605" status="PASS">
          <reporter-output>
          </reporter-output>
        </test-method> <!-- test_1_1 -->
        <test-method signature="test_1_2()[pri:0, instance:practice.Test_GET@73700b80]" started-at="2022-01-21T23:52:15 GST" name="test_1_2" finished-at="2022-01-21T23:52:24 GST" duration-ms="8891" status="PASS">
          <reporter-output>
          </reporter-output>
        </test-method> <!-- test_1_2 -->
        <test-method signature="test_2()[pri:0, instance:practice.Test_GET@73700b80]" started-at="2022-01-21T23:52:24 GST" name="test_2" finished-at="2022-01-21T23:52:32 GST" duration-ms="7828" status="PASS">
          <reporter-output>
          </reporter-output>
        </test-method> <!-- test_2 -->
        <test-method signature="test_3()[pri:0, instance:practice.Test_GET@73700b80]" started-at="2022-01-21T23:52:32 GST" name="test_3" finished-at="2022-01-21T23:52:33 GST" duration-ms="920" status="PASS">
          <reporter-output>
          </reporter-output>
        </test-method> <!-- test_3 -->
      </class> <!-- practice.Test_GET -->
    </test> <!-- Default test -->
  </suite> <!-- Default suite -->
</testng-results>
