<?xml version="1.0" encoding="UTF-8"?>
<!-- Generated by org.testng.reporters.JUnitXMLReporter -->
<testsuite ignored="0" hostname="LAPTOP-QRMHUQJN" failures="0" tests="4" name="Default test" time="20.279" errors="0" timestamp="2022-01-21T23:52:33 GST">
  <testcase classname="practice.Test_GET" name="test_1_1" time="2.605"/>
  <testcase classname="practice.Test_GET" name="test_1_2" time="8.891"/>
  <testcase classname="practice.Test_GET" name="test_2" time="7.828"/>
  <testcase classname="practice.Test_GET" name="test_3" time="0.92"/>
</testsuite> <!-- Default test -->
